Galaxy2D Game Engine 4.2
版权声明: 版权所有(c) 2005 沈明. 保留所有权利.
主页地址: http://www.cnblogs.com/jianguhan/
电子邮箱: jianguhan@126.com
创建时间: 2018-8-21 7:28:1
操作系统: Windows 6.2.9200
CPU信息: Intel(R) Core(TM) i7-6700 CPU @ 3.40GHz
物理内存: 8125M, 剩余:5037M

开始初始化 Galaxy2D Game Engine.
视频设备:NVIDIA GeForce GTX 1060 6GB
最大纹理尺寸:16384x16384
显示模式:800x600x32(窗口)
初始化视频设备成功.
初始化音频设备成功.
开启视频硬件解码.
Galaxy2D Game Engine 初始化完毕.

GGELUA 1.0 beta4
--==================================================--
绑定作者：baidwwy
主页地址: http://www.ggelua.com
电子邮箱: baidwwy@vip.qq.com
支 付 宝: baidwwy@vip.qq.com
--==================================================--


Galaxy2D Game Engine 运行结束.
